<?xml version="1.0" encoding="UTF-8"?>
<testsuite name="com.estafet.fuse.json.TestIbanWrapper" tests="1" skipped="0" failures="0" errors="0" timestamp="2017-07-26T06:57:27" hostname="jenny" time="0.256">
  <properties/>
  <testcase name="testIbanWrapper" classname="com.estafet.fuse.json.TestIbanWrapper" time="0.256"/>
  <system-out><![CDATA[BG66 ESTF 0616 0000 0000 01, BG66 ESTF 0616 0000 0000 02, BG66 ESTF 0616 0000 0000 03
]]></system-out>
  <system-err><![CDATA[]]></system-err>
</testsuite>
